<?xml version="1.0" encoding="UTF-8"?>
<!-- Generated by org.testng.reporters.JUnitXMLReporter -->
<testsuite hostname="DESKTOP-9IRHC8N" name="Test" tests="30" failures="0" timestamp="7 Jan 2023 16:11:46 GMT" time="361.399" errors="0">
  <testcase name="invalidLoginTC02" time="2.368" classname="autoscripts.LoginTest"/>
  <testcase name="validLoginTC01" time="7.379" classname="autoscripts.LoginTest"/>
  <testcase name="addUnitUsingIconTC03" time="39.888" classname="autoscripts.ProductTest"/>
  <testcase name="addBrandUsingIconTC04" time="8.61" classname="autoscripts.ProductTest"/>
  <testcase name="uploadImageTC05" time="6.52" classname="autoscripts.ProductTest"/>
  <testcase name="variableProductTypeTC06" time="9.43" classname="autoscripts.ProductTest"/>
  <testcase name="withoutProductNameTC07" time="13.86" classname="autoscripts.ProductTest"/>
  <testcase name="withoutUnitTC08" time="11.331" classname="autoscripts.ProductTest"/>
  <testcase name="withoutQuantityTC09" time="12.26" classname="autoscripts.ProductTest"/>
  <testcase name="withoutTaxTC10" time="12.302" classname="autoscripts.ProductTest"/>
  <testcase name="verifyingAddProductTC11" time="7.304" classname="autoscripts.ProductTest"/>
  <testcase name="verifyProductNameTC12" time="4.466" classname="autoscripts.ProductTest"/>
  <testcase name="verifyingSellingPriceTC13" time="3.553" classname="autoscripts.ProductTest"/>
  <testcase name="verifyingCategoryTC14" time="3.665" classname="autoscripts.ProductTest"/>
  <testcase name="verifyingBrandTC15" time="3.709" classname="autoscripts.ProductTest"/>
  <testcase name="deletingProductTC16" time="8.573" classname="autoscripts.ProductTest"/>
  <testcase name="uploadImageTC17" time="14.147" classname="autoscripts.PurchaseTest"/>
  <testcase name="SelectingCardPaymentTC18" time="5.495" classname="autoscripts.PurchaseTest"/>
  <testcase name="SelectingChequePaymentTC19" time="3.358" classname="autoscripts.PurchaseTest"/>
  <testcase name="SelectingBankPaymentTC20" time="3.588" classname="autoscripts.PurchaseTest"/>
  <testcase name="withoutSupplierNameTC21" time="18.681" classname="autoscripts.PurchaseTest"/>
  <testcase name="withoutPurchaseStatusTC22" time="25.058" classname="autoscripts.PurchaseTest"/>
  <testcase name="withoutLocationTC23" time="18.418" classname="autoscripts.PurchaseTest"/>
  <testcase name="withoutAddProductTC24" time="12.162" classname="autoscripts.PurchaseTest"/>
  <testcase name="withoutAmountTC25" time="10.786" classname="autoscripts.PurchaseTest"/>
  <testcase name="verifyingAddSupplierTC26" time="12.746" classname="autoscripts.PurchaseTest"/>
  <testcase name="verifySupplierNameTC27" time="3.33" classname="autoscripts.PurchaseTest"/>
  <testcase name="verifyPurchaseStatusTC28" time="3.391" classname="autoscripts.PurchaseTest"/>
  <testcase name="verifyLocationTC29" time="3.428" classname="autoscripts.PurchaseTest"/>
  <testcase name="deletePurchaseTC30" time="5.318" classname="autoscripts.PurchaseTest"/>
</testsuite> <!-- Test -->
