<?xml version="1.0" encoding="UTF-8"?>
<!-- Generated by org.testng.reporters.JUnitXMLReporter -->
<testsuite hostname="DESKTOP-9IRHC8N" name="Default test" tests="14" failures="0" timestamp="7 Jan 2023 16:03:20 GMT" time="161.1" errors="0">
  <testcase name="uploadImageTC17" time="14.12" classname="autoscripts.PurchaseTest"/>
  <testcase name="SelectingCardPaymentTC18" time="5.509" classname="autoscripts.PurchaseTest"/>
  <testcase name="SelectingChequePaymentTC19" time="3.504" classname="autoscripts.PurchaseTest"/>
  <testcase name="SelectingBankPaymentTC20" time="3.426" classname="autoscripts.PurchaseTest"/>
  <testcase name="withoutSupplierNameTC21" time="18.897" classname="autoscripts.PurchaseTest"/>
  <testcase name="withoutPurchaseStatusTC22" time="24.509" classname="autoscripts.PurchaseTest"/>
  <testcase name="withoutLocationTC23" time="18.408" classname="autoscripts.PurchaseTest"/>
  <testcase name="withoutAddProductTC24" time="12.286" classname="autoscripts.PurchaseTest"/>
  <testcase name="withoutAmountTC25" time="10.84" classname="autoscripts.PurchaseTest"/>
  <testcase name="verifyingAddSupplierTC26" time="13.243" classname="autoscripts.PurchaseTest"/>
  <testcase name="verifySupplierNameTC27" time="3.406" classname="autoscripts.PurchaseTest"/>
  <testcase name="verifyPurchaseStatusTC28" time="3.377" classname="autoscripts.PurchaseTest"/>
  <testcase name="verifyLocationTC29" time="3.308" classname="autoscripts.PurchaseTest"/>
  <testcase name="deletePurchaseTC30" time="5.332" classname="autoscripts.PurchaseTest"/>
</testsuite> <!-- Default test -->
